# JRE version: Java(TM) SE Runtime Environment (8.0_221-b11) (build 1.8.0_221-b11)
# Java VM: Java HotSpot(TM) 64-Bit Server VM (25.221-b11 mixed mode windows-amd64 compressed oops)
Heap:
 PSYoungGen      total 142336K, used 31772K [0x00000000d5f00000, 0x00000000e2c00000, 0x0000000100000000)
  eden space 130048K, 14% used [0x00000000d5f00000,0x00000000d720b408,0x00000000dde00000)
  from space 12288K, 99% used [0x00000000ded00000,0x00000000df8fbf30,0x00000000df900000)
  to   space 15360K, 0% used [0x00000000dde00000,0x00000000dde00000,0x00000000ded00000)
 ParOldGen       total 79360K, used 23158K [0x0000000081c00000, 0x0000000086980000, 0x00000000d5f00000)
  object space 79360K, 29% used [0x0000000081c00000,0x000000008329da60,0x0000000086980000)
 Metaspace       used 24058K, capacity 24652K, committed 24704K, reserved 1071104K
  class space    used 2790K, capacity 2941K, committed 2944K, reserved 1048576K
GC Heap History (10 events):
Event: 2.667 GC heap before
{Heap before GC invocations=5 (full 0):
 PSYoungGen      total 71680K, used 71651K [0x00000000d5f00000, 0x00000000daa00000, 0x0000000100000000)
  eden space 66560K, 100% used [0x00000000d5f00000,0x00000000da000000,0x00000000da000000)
  from space 5120K, 99% used [0x00000000da500000,0x00000000da9f8ff8,0x00000000daa00000)
  to   space 5120K, 0% used [0x00000000da000000,0x00000000da000000,0x00000000da500000)
 ParOldGen       total 87552K, used 8134K [0x0000000081c00000, 0x0000000087180000, 0x00000000d5f00000)
  object space 87552K, 9% used [0x0000000081c00000,0x00000000823f1ac0,0x0000000087180000)
 Metaspace       used 15436K, capacity 15728K, committed 15872K, reserved 1062912K
  class space    used 1851K, capacity 1952K, committed 2048K, reserved 1048576K
Event: 2.685 GC heap after
Heap after GC invocations=5 (full 0):
 PSYoungGen      total 71680K, used 5104K [0x00000000d5f00000, 0x00000000df900000, 0x0000000100000000)
  eden space 66560K, 0% used [0x00000000d5f00000,0x00000000d5f00000,0x00000000da000000)
  from space 5120K, 99% used [0x00000000da000000,0x00000000da4fc010,0x00000000da500000)
  to   space 12288K, 0% used [0x00000000ded00000,0x00000000ded00000,0x00000000df900000)
 ParOldGen       total 87552K, used 14052K [0x0000000081c00000, 0x0000000087180000, 0x00000000d5f00000)
  object space 87552K, 16% used [0x0000000081c00000,0x00000000829b92e0,0x0000000087180000)
 Metaspace       used 15436K, capacity 15728K, committed 15872K, reserved 1062912K
  class space    used 1851K, capacity 1952K, committed 2048K, reserved 1048576K
}
Event: 3.756 GC heap before
{Heap before GC invocations=6 (full 0):
 PSYoungGen      total 71680K, used 71664K [0x00000000d5f00000, 0x00000000df900000, 0x0000000100000000)
  eden space 66560K, 100% used [0x00000000d5f00000,0x00000000da000000,0x00000000da000000)
  from space 5120K, 99% used [0x00000000da000000,0x00000000da4fc010,0x00000000da500000)
  to   space 12288K, 0% used [0x00000000ded00000,0x00000000ded00000,0x00000000df900000)
 ParOldGen       total 87552K, used 14052K [0x0000000081c00000, 0x0000000087180000, 0x00000000d5f00000)
  object space 87552K, 16% used [0x0000000081c00000,0x00000000829b92e0,0x0000000087180000)
 Metaspace       used 17150K, capacity 17536K, committed 17792K, reserved 1064960K
  class space    used 2002K, capacity 2130K, committed 2176K, reserved 1048576K
Event: 3.775 GC heap after
Heap after GC invocations=6 (full 0):
 PSYoungGen      total 144896K, used 10133K [0x00000000d5f00000, 0x00000000dfa00000, 0x0000000100000000)
  eden space 132608K, 0% used [0x00000000d5f00000,0x00000000d5f00000,0x00000000de080000)
  from space 12288K, 82% used [0x00000000ded00000,0x00000000df6e5500,0x00000000df900000)
  to   space 12800K, 0% used [0x00000000de080000,0x00000000de080000,0x00000000ded00000)
 ParOldGen       total 87552K, used 14060K [0x0000000081c00000, 0x0000000087180000, 0x00000000d5f00000)
  object space 87552K, 16% used [0x0000000081c00000,0x00000000829bb2e0,0x0000000087180000)
 Metaspace       used 17150K, capacity 17536K, committed 17792K, reserved 1064960K
  class space    used 2002K, capacity 2130K, committed 2176K, reserved 1048576K
}
Event: 4.219 GC heap before
{Heap before GC invocations=7 (full 0):
 PSYoungGen      total 144896K, used 23430K [0x00000000d5f00000, 0x00000000dfa00000, 0x0000000100000000)
  eden space 132608K, 10% used [0x00000000d5f00000,0x00000000d6bfc6a8,0x00000000de080000)
  from space 12288K, 82% used [0x00000000ded00000,0x00000000df6e5500,0x00000000df900000)
  to   space 12800K, 0% used [0x00000000de080000,0x00000000de080000,0x00000000ded00000)
 ParOldGen       total 87552K, used 14060K [0x0000000081c00000, 0x0000000087180000, 0x00000000d5f00000)
  object space 87552K, 16% used [0x0000000081c00000,0x00000000829bb2e0,0x0000000087180000)
 Metaspace       used 20652K, capacity 21140K, committed 21296K, reserved 1069056K
  class space    used 2477K, capacity 2650K, committed 2688K, reserved 1048576K
Event: 4.233 GC heap after
Heap after GC invocations=7 (full 0):
 PSYoungGen      total 145408K, used 7923K [0x00000000d5f00000, 0x00000000dfa00000, 0x0000000100000000)
  eden space 132608K, 0% used [0x00000000d5f00000,0x00000000d5f00000,0x00000000de080000)
  from space 12800K, 61% used [0x00000000de080000,0x00000000de83cff8,0x00000000ded00000)
  to   space 12288K, 0% used [0x00000000ded00000,0x00000000ded00000,0x00000000df900000)
 ParOldGen       total 87552K, used 15922K [0x0000000081c00000, 0x0000000087180000, 0x00000000d5f00000)
  object space 87552K, 18% used [0x0000000081c00000,0x0000000082b8cbb0,0x0000000087180000)
 Metaspace       used 20652K, capacity 21140K, committed 21296K, reserved 1069056K
  class space    used 2477K, capacity 2650K, committed 2688K, reserved 1048576K
}
Event: 4.233 GC heap before
{Heap before GC invocations=8 (full 1):
 PSYoungGen      total 145408K, used 7923K [0x00000000d5f00000, 0x00000000dfa00000, 0x0000000100000000)
  eden space 132608K, 0% used [0x00000000d5f00000,0x00000000d5f00000,0x00000000de080000)
  from space 12800K, 61% used [0x00000000de080000,0x00000000de83cff8,0x00000000ded00000)
  to   space 12288K, 0% used [0x00000000ded00000,0x00000000ded00000,0x00000000df900000)
 ParOldGen       total 87552K, used 15922K [0x0000000081c00000, 0x0000000087180000, 0x00000000d5f00000)
  object space 87552K, 18% used [0x0000000081c00000,0x0000000082b8cbb0,0x0000000087180000)
 Metaspace       used 20652K, capacity 21140K, committed 21296K, reserved 1069056K
  class space    used 2477K, capacity 2650K, committed 2688K, reserved 1048576K
Event: 4.373 GC heap after
Heap after GC invocations=8 (full 1):
 PSYoungGen      total 145408K, used 0K [0x00000000d5f00000, 0x00000000dfa00000, 0x0000000100000000)
  eden space 132608K, 0% used [0x00000000d5f00000,0x00000000d5f00000,0x00000000de080000)
  from space 12800K, 0% used [0x00000000de080000,0x00000000de080000,0x00000000ded00000)
  to   space 12288K, 0% used [0x00000000ded00000,0x00000000ded00000,0x00000000df900000)
 ParOldGen       total 79360K, used 18897K [0x0000000081c00000, 0x0000000086980000, 0x00000000d5f00000)
  object space 79360K, 23% used [0x0000000081c00000,0x0000000082e74510,0x0000000086980000)
 Metaspace       used 20652K, capacity 21140K, committed 21296K, reserved 1069056K
  class space    used 2477K, capacity 2650K, committed 2688K, reserved 1048576K
}
Event: 6.222 GC heap before
{Heap before GC invocations=9 (full 1):
 PSYoungGen      total 145408K, used 132608K [0x00000000d5f00000, 0x00000000dfa00000, 0x0000000100000000)
  eden space 132608K, 100% used [0x00000000d5f00000,0x00000000de080000,0x00000000de080000)
  from space 12800K, 0% used [0x00000000de080000,0x00000000de080000,0x00000000ded00000)
  to   space 12288K, 0% used [0x00000000ded00000,0x00000000ded00000,0x00000000df900000)
 ParOldGen       total 79360K, used 18897K [0x0000000081c00000, 0x0000000086980000, 0x00000000d5f00000)
  object space 79360K, 23% used [0x0000000081c00000,0x0000000082e74510,0x0000000086980000)
 Metaspace       used 22879K, capacity 23444K, committed 23680K, reserved 1071104K
  class space    used 2682K, capacity 2842K, committed 2944K, reserved 1048576K
Event: 6.240 GC heap after
Heap after GC invocations=9 (full 1):
 PSYoungGen      total 142336K, used 12271K [0x00000000d5f00000, 0x00000000e2c00000, 0x0000000100000000)
  eden space 130048K, 0% used [0x00000000d5f00000,0x00000000d5f00000,0x00000000dde00000)
  from space 12288K, 99% used [0x00000000ded00000,0x00000000df8fbf30,0x00000000df900000)
  to   space 15360K, 0% used [0x00000000dde00000,0x00000000dde00000,0x00000000ded00000)
 ParOldGen       total 79360K, used 23158K [0x0000000081c00000, 0x0000000086980000, 0x00000000d5f00000)
  object space 79360K, 29% used [0x0000000081c00000,0x000000008329da60,0x0000000086980000)
 Metaspace       used 22879K, capacity 23444K, committed 23680K, reserved 1071104K
  class space    used 2682K, capacity 2842K, committed 2944K, reserved 1048576K
}

