# JRE version: Java(TM) SE Runtime Environment (8.0_221-b11) (build 1.8.0_221-b11)
# Java VM: Java HotSpot(TM) 64-Bit Server VM (25.221-b11 mixed mode windows-amd64 compressed oops)
Heap:
 PSYoungGen      total 142336K, used 74138K [0x00000000d5f00000, 0x00000000e3700000, 0x0000000100000000)
  eden space 130048K, 47% used [0x00000000d5f00000,0x00000000d9b6caa0,0x00000000dde00000)
  from space 12288K, 99% used [0x00000000ded00000,0x00000000df8f9dc8,0x00000000df900000)
  to   space 15360K, 0% used [0x00000000dde00000,0x00000000dde00000,0x00000000ded00000)
 ParOldGen       total 76800K, used 23124K [0x0000000081c00000, 0x0000000086700000, 0x00000000d5f00000)
  object space 76800K, 30% used [0x0000000081c00000,0x0000000083295390,0x0000000086700000)
 Metaspace       used 24967K, capacity 25548K, committed 25600K, reserved 1071104K
  class space    used 2885K, capacity 3069K, committed 3072K, reserved 1048576K
GC Heap History (10 events):
Event: 2.711 GC heap before
{Heap before GC invocations=5 (full 0):
 PSYoungGen      total 71680K, used 71667K [0x00000000d5f00000, 0x00000000daa00000, 0x0000000100000000)
  eden space 66560K, 100% used [0x00000000d5f00000,0x00000000da000000,0x00000000da000000)
  from space 5120K, 99% used [0x00000000da500000,0x00000000da9fcfe8,0x00000000daa00000)
  to   space 5120K, 0% used [0x00000000da000000,0x00000000da000000,0x00000000da500000)
 ParOldGen       total 87552K, used 8325K [0x0000000081c00000, 0x0000000087180000, 0x00000000d5f00000)
  object space 87552K, 9% used [0x0000000081c00000,0x0000000082421678,0x0000000087180000)
 Metaspace       used 15417K, capacity 15728K, committed 15872K, reserved 1062912K
  class space    used 1849K, capacity 1952K, committed 2048K, reserved 1048576K
Event: 2.731 GC heap after
Heap after GC invocations=5 (full 0):
 PSYoungGen      total 71680K, used 5104K [0x00000000d5f00000, 0x00000000df900000, 0x0000000100000000)
  eden space 66560K, 0% used [0x00000000d5f00000,0x00000000d5f00000,0x00000000da000000)
  from space 5120K, 99% used [0x00000000da000000,0x00000000da4fc030,0x00000000da500000)
  to   space 12288K, 0% used [0x00000000ded00000,0x00000000ded00000,0x00000000df900000)
 ParOldGen       total 87552K, used 14245K [0x0000000081c00000, 0x0000000087180000, 0x00000000d5f00000)
  object space 87552K, 16% used [0x0000000081c00000,0x00000000829e9538,0x0000000087180000)
 Metaspace       used 15417K, capacity 15728K, committed 15872K, reserved 1062912K
  class space    used 1849K, capacity 1952K, committed 2048K, reserved 1048576K
}
Event: 3.685 GC heap before
{Heap before GC invocations=6 (full 0):
 PSYoungGen      total 71680K, used 71664K [0x00000000d5f00000, 0x00000000df900000, 0x0000000100000000)
  eden space 66560K, 100% used [0x00000000d5f00000,0x00000000da000000,0x00000000da000000)
  from space 5120K, 99% used [0x00000000da000000,0x00000000da4fc030,0x00000000da500000)
  to   space 12288K, 0% used [0x00000000ded00000,0x00000000ded00000,0x00000000df900000)
 ParOldGen       total 87552K, used 14245K [0x0000000081c00000, 0x0000000087180000, 0x00000000d5f00000)
  object space 87552K, 16% used [0x0000000081c00000,0x00000000829e9538,0x0000000087180000)
 Metaspace       used 17071K, capacity 17536K, committed 17792K, reserved 1064960K
  class space    used 1994K, capacity 2130K, committed 2176K, reserved 1048576K
Event: 3.704 GC heap after
Heap after GC invocations=6 (full 0):
 PSYoungGen      total 144896K, used 10117K [0x00000000d5f00000, 0x00000000dfa00000, 0x0000000100000000)
  eden space 132608K, 0% used [0x00000000d5f00000,0x00000000d5f00000,0x00000000de080000)
  from space 12288K, 82% used [0x00000000ded00000,0x00000000df6e1530,0x00000000df900000)
  to   space 12800K, 0% used [0x00000000de080000,0x00000000de080000,0x00000000ded00000)
 ParOldGen       total 87552K, used 14253K [0x0000000081c00000, 0x0000000087180000, 0x00000000d5f00000)
  object space 87552K, 16% used [0x0000000081c00000,0x00000000829eb538,0x0000000087180000)
 Metaspace       used 17071K, capacity 17536K, committed 17792K, reserved 1064960K
  class space    used 1994K, capacity 2130K, committed 2176K, reserved 1048576K
}
Event: 4.033 GC heap before
{Heap before GC invocations=7 (full 0):
 PSYoungGen      total 144896K, used 23477K [0x00000000d5f00000, 0x00000000dfa00000, 0x0000000100000000)
  eden space 132608K, 10% used [0x00000000d5f00000,0x00000000d6c0c058,0x00000000de080000)
  from space 12288K, 82% used [0x00000000ded00000,0x00000000df6e1530,0x00000000df900000)
  to   space 12800K, 0% used [0x00000000de080000,0x00000000de080000,0x00000000ded00000)
 ParOldGen       total 87552K, used 14253K [0x0000000081c00000, 0x0000000087180000, 0x00000000d5f00000)
  object space 87552K, 16% used [0x0000000081c00000,0x00000000829eb538,0x0000000087180000)
 Metaspace       used 20750K, capacity 21140K, committed 21296K, reserved 1069056K
  class space    used 2500K, capacity 2650K, committed 2688K, reserved 1048576K
Event: 4.045 GC heap after
Heap after GC invocations=7 (full 0):
 PSYoungGen      total 145408K, used 8260K [0x00000000d5f00000, 0x00000000dfa00000, 0x0000000100000000)
  eden space 132608K, 0% used [0x00000000d5f00000,0x00000000d5f00000,0x00000000de080000)
  from space 12800K, 64% used [0x00000000de080000,0x00000000de891008,0x00000000ded00000)
  to   space 12288K, 0% used [0x00000000ded00000,0x00000000ded00000,0x00000000df900000)
 ParOldGen       total 87552K, used 16047K [0x0000000081c00000, 0x0000000087180000, 0x00000000d5f00000)
  object space 87552K, 18% used [0x0000000081c00000,0x0000000082babe08,0x0000000087180000)
 Metaspace       used 20750K, capacity 21140K, committed 21296K, reserved 1069056K
  class space    used 2500K, capacity 2650K, committed 2688K, reserved 1048576K
}
Event: 4.045 GC heap before
{Heap before GC invocations=8 (full 1):
 PSYoungGen      total 145408K, used 8260K [0x00000000d5f00000, 0x00000000dfa00000, 0x0000000100000000)
  eden space 132608K, 0% used [0x00000000d5f00000,0x00000000d5f00000,0x00000000de080000)
  from space 12800K, 64% used [0x00000000de080000,0x00000000de891008,0x00000000ded00000)
  to   space 12288K, 0% used [0x00000000ded00000,0x00000000ded00000,0x00000000df900000)
 ParOldGen       total 87552K, used 16047K [0x0000000081c00000, 0x0000000087180000, 0x00000000d5f00000)
  object space 87552K, 18% used [0x0000000081c00000,0x0000000082babe08,0x0000000087180000)
 Metaspace       used 20750K, capacity 21140K, committed 21296K, reserved 1069056K
  class space    used 2500K, capacity 2650K, committed 2688K, reserved 1048576K
Event: 4.149 GC heap after
Heap after GC invocations=8 (full 1):
 PSYoungGen      total 145408K, used 0K [0x00000000d5f00000, 0x00000000dfa00000, 0x0000000100000000)
  eden space 132608K, 0% used [0x00000000d5f00000,0x00000000d5f00000,0x00000000de080000)
  from space 12800K, 0% used [0x00000000de080000,0x00000000de080000,0x00000000ded00000)
  to   space 12288K, 0% used [0x00000000ded00000,0x00000000ded00000,0x00000000df900000)
 ParOldGen       total 76800K, used 18961K [0x0000000081c00000, 0x0000000086700000, 0x00000000d5f00000)
  object space 76800K, 24% used [0x0000000081c00000,0x0000000082e84408,0x0000000086700000)
 Metaspace       used 20750K, capacity 21140K, committed 21296K, reserved 1069056K
  class space    used 2500K, capacity 2650K, committed 2688K, reserved 1048576K
}
Event: 5.550 GC heap before
{Heap before GC invocations=9 (full 1):
 PSYoungGen      total 145408K, used 132608K [0x00000000d5f00000, 0x00000000dfa00000, 0x0000000100000000)
  eden space 132608K, 100% used [0x00000000d5f00000,0x00000000de080000,0x00000000de080000)
  from space 12800K, 0% used [0x00000000de080000,0x00000000de080000,0x00000000ded00000)
  to   space 12288K, 0% used [0x00000000ded00000,0x00000000ded00000,0x00000000df900000)
 ParOldGen       total 76800K, used 18961K [0x0000000081c00000, 0x0000000086700000, 0x00000000d5f00000)
  object space 76800K, 24% used [0x0000000081c00000,0x0000000082e84408,0x0000000086700000)
 Metaspace       used 22844K, capacity 23316K, committed 23680K, reserved 1071104K
  class space    used 2681K, capacity 2842K, committed 2944K, reserved 1048576K
Event: 5.568 GC heap after
Heap after GC invocations=9 (full 1):
 PSYoungGen      total 142336K, used 12263K [0x00000000d5f00000, 0x00000000e3700000, 0x0000000100000000)
  eden space 130048K, 0% used [0x00000000d5f00000,0x00000000d5f00000,0x00000000dde00000)
  from space 12288K, 99% used [0x00000000ded00000,0x00000000df8f9dc8,0x00000000df900000)
  to   space 15360K, 0% used [0x00000000dde00000,0x00000000dde00000,0x00000000ded00000)
 ParOldGen       total 76800K, used 23124K [0x0000000081c00000, 0x0000000086700000, 0x00000000d5f00000)
  object space 76800K, 30% used [0x0000000081c00000,0x0000000083295390,0x0000000086700000)
 Metaspace       used 22844K, capacity 23316K, committed 23680K, reserved 1071104K
  class space    used 2681K, capacity 2842K, committed 2944K, reserved 1048576K
}

