# JRE version: Java(TM) SE Runtime Environment (8.0_221-b11) (build 1.8.0_221-b11)
# Java VM: Java HotSpot(TM) 64-Bit Server VM (25.221-b11 mixed mode windows-amd64 compressed oops)
Heap:
 PSYoungGen      total 71680K, used 46518K [0x00000000d5f00000, 0x00000000dd080000, 0x0000000100000000)
  eden space 66560K, 63% used [0x00000000d5f00000,0x00000000d8821df0,0x00000000da000000)
  from space 5120K, 85% used [0x00000000da000000,0x00000000da44baa8,0x00000000da500000)
  to   space 9728K, 0% used [0x00000000dc700000,0x00000000dc700000,0x00000000dd080000)
 ParOldGen       total 59392K, used 5091K [0x0000000081c00000, 0x0000000085600000, 0x00000000d5f00000)
  object space 59392K, 8% used [0x0000000081c00000,0x00000000820f8d68,0x0000000085600000)
 Metaspace       used 27209K, capacity 28202K, committed 28464K, reserved 1073152K
  class space    used 3556K, capacity 3810K, committed 3888K, reserved 1048576K
GC Heap History (10 events):
Event: 1.014 GC heap before
{Heap before GC invocations=2 (full 0):
 PSYoungGen      total 38400K, used 38379K [0x00000000d5f00000, 0x00000000d8980000, 0x0000000100000000)
  eden space 33280K, 100% used [0x00000000d5f00000,0x00000000d7f80000,0x00000000d7f80000)
  from space 5120K, 99% used [0x00000000d7f80000,0x00000000d847ade0,0x00000000d8480000)
  to   space 5120K, 0% used [0x00000000d8480000,0x00000000d8480000,0x00000000d8980000)
 ParOldGen       total 87552K, used 222K [0x0000000081c00000, 0x0000000087180000, 0x00000000d5f00000)
  object space 87552K, 0% used [0x0000000081c00000,0x0000000081c37990,0x0000000087180000)
 Metaspace       used 13928K, capacity 14386K, committed 14592K, reserved 1062912K
  class space    used 1857K, capacity 2000K, committed 2048K, reserved 1048576K
Event: 1.021 GC heap after
Heap after GC invocations=2 (full 0):
 PSYoungGen      total 38400K, used 5104K [0x00000000d5f00000, 0x00000000daa00000, 0x0000000100000000)
  eden space 33280K, 0% used [0x00000000d5f00000,0x00000000d5f00000,0x00000000d7f80000)
  from space 5120K, 99% used [0x00000000d8480000,0x00000000d897c1d0,0x00000000d8980000)
  to   space 5120K, 0% used [0x00000000d7f80000,0x00000000d7f80000,0x00000000d8480000)
 ParOldGen       total 87552K, used 1412K [0x0000000081c00000, 0x0000000087180000, 0x00000000d5f00000)
  object space 87552K, 1% used [0x0000000081c00000,0x0000000081d61360,0x0000000087180000)
 Metaspace       used 13928K, capacity 14386K, committed 14592K, reserved 1062912K
  class space    used 1857K, capacity 2000K, committed 2048K, reserved 1048576K
}
Event: 1.293 GC heap before
{Heap before GC invocations=3 (full 0):
 PSYoungGen      total 38400K, used 38384K [0x00000000d5f00000, 0x00000000daa00000, 0x0000000100000000)
  eden space 33280K, 100% used [0x00000000d5f00000,0x00000000d7f80000,0x00000000d7f80000)
  from space 5120K, 99% used [0x00000000d8480000,0x00000000d897c1d0,0x00000000d8980000)
  to   space 5120K, 0% used [0x00000000d7f80000,0x00000000d7f80000,0x00000000d8480000)
 ParOldGen       total 87552K, used 1412K [0x0000000081c00000, 0x0000000087180000, 0x00000000d5f00000)
  object space 87552K, 1% used [0x0000000081c00000,0x0000000081d61360,0x0000000087180000)
 Metaspace       used 19405K, capacity 19904K, committed 20224K, reserved 1067008K
  class space    used 2543K, capacity 2691K, committed 2816K, reserved 1048576K
Event: 1.302 GC heap after
Heap after GC invocations=3 (full 0):
 PSYoungGen      total 38400K, used 5101K [0x00000000d5f00000, 0x00000000daa00000, 0x0000000100000000)
  eden space 33280K, 0% used [0x00000000d5f00000,0x00000000d5f00000,0x00000000d7f80000)
  from space 5120K, 99% used [0x00000000d7f80000,0x00000000d847b6f8,0x00000000d8480000)
  to   space 5120K, 0% used [0x00000000da500000,0x00000000da500000,0x00000000daa00000)
 ParOldGen       total 87552K, used 5203K [0x0000000081c00000, 0x0000000087180000, 0x00000000d5f00000)
  object space 87552K, 5% used [0x0000000081c00000,0x0000000082114d10,0x0000000087180000)
 Metaspace       used 19405K, capacity 19904K, committed 20224K, reserved 1067008K
  class space    used 2543K, capacity 2691K, committed 2816K, reserved 1048576K
}
Event: 1.439 GC heap before
{Heap before GC invocations=4 (full 0):
 PSYoungGen      total 38400K, used 11236K [0x00000000d5f00000, 0x00000000daa00000, 0x0000000100000000)
  eden space 33280K, 18% used [0x00000000d5f00000,0x00000000d64fdc60,0x00000000d7f80000)
  from space 5120K, 99% used [0x00000000d7f80000,0x00000000d847b6f8,0x00000000d8480000)
  to   space 5120K, 0% used [0x00000000da500000,0x00000000da500000,0x00000000daa00000)
 ParOldGen       total 87552K, used 5203K [0x0000000081c00000, 0x0000000087180000, 0x00000000d5f00000)
  object space 87552K, 5% used [0x0000000081c00000,0x0000000082114d10,0x0000000087180000)
 Metaspace       used 20603K, capacity 21144K, committed 21296K, reserved 1067008K
  class space    used 2688K, capacity 2843K, committed 2864K, reserved 1048576K
Event: 1.446 GC heap after
Heap after GC invocations=4 (full 0):
 PSYoungGen      total 71680K, used 5107K [0x00000000d5f00000, 0x00000000daa00000, 0x0000000100000000)
  eden space 66560K, 0% used [0x00000000d5f00000,0x00000000d5f00000,0x00000000da000000)
  from space 5120K, 99% used [0x00000000da500000,0x00000000da9fcf58,0x00000000daa00000)
  to   space 5120K, 0% used [0x00000000da000000,0x00000000da000000,0x00000000da500000)
 ParOldGen       total 87552K, used 5307K [0x0000000081c00000, 0x0000000087180000, 0x00000000d5f00000)
  object space 87552K, 6% used [0x0000000081c00000,0x000000008212edc8,0x0000000087180000)
 Metaspace       used 20603K, capacity 21144K, committed 21296K, reserved 1067008K
  class space    used 2688K, capacity 2843K, committed 2864K, reserved 1048576K
}
Event: 1.446 GC heap before
{Heap before GC invocations=5 (full 1):
 PSYoungGen      total 71680K, used 5107K [0x00000000d5f00000, 0x00000000daa00000, 0x0000000100000000)
  eden space 66560K, 0% used [0x00000000d5f00000,0x00000000d5f00000,0x00000000da000000)
  from space 5120K, 99% used [0x00000000da500000,0x00000000da9fcf58,0x00000000daa00000)
  to   space 5120K, 0% used [0x00000000da000000,0x00000000da000000,0x00000000da500000)
 ParOldGen       total 87552K, used 5307K [0x0000000081c00000, 0x0000000087180000, 0x00000000d5f00000)
  object space 87552K, 6% used [0x0000000081c00000,0x000000008212edc8,0x0000000087180000)
 Metaspace       used 20603K, capacity 21144K, committed 21296K, reserved 1067008K
  class space    used 2688K, capacity 2843K, committed 2864K, reserved 1048576K
Event: 1.489 GC heap after
Heap after GC invocations=5 (full 1):
 PSYoungGen      total 71680K, used 0K [0x00000000d5f00000, 0x00000000daa00000, 0x0000000100000000)
  eden space 66560K, 0% used [0x00000000d5f00000,0x00000000d5f00000,0x00000000da000000)
  from space 5120K, 0% used [0x00000000da500000,0x00000000da500000,0x00000000daa00000)
  to   space 5120K, 0% used [0x00000000da000000,0x00000000da000000,0x00000000da500000)
 ParOldGen       total 59392K, used 5019K [0x0000000081c00000, 0x0000000085600000, 0x00000000d5f00000)
  object space 59392K, 8% used [0x0000000081c00000,0x00000000820e6d58,0x0000000085600000)
 Metaspace       used 20601K, capacity 21138K, committed 21296K, reserved 1067008K
  class space    used 2688K, capacity 2842K, committed 2864K, reserved 1048576K
}
Event: 1.940 GC heap before
{Heap before GC invocations=6 (full 1):
 PSYoungGen      total 71680K, used 66560K [0x00000000d5f00000, 0x00000000daa00000, 0x0000000100000000)
  eden space 66560K, 100% used [0x00000000d5f00000,0x00000000da000000,0x00000000da000000)
  from space 5120K, 0% used [0x00000000da500000,0x00000000da500000,0x00000000daa00000)
  to   space 5120K, 0% used [0x00000000da000000,0x00000000da000000,0x00000000da500000)
 ParOldGen       total 59392K, used 5019K [0x0000000081c00000, 0x0000000085600000, 0x00000000d5f00000)
  object space 59392K, 8% used [0x0000000081c00000,0x00000000820e6d58,0x0000000085600000)
 Metaspace       used 23166K, capacity 23876K, committed 23984K, reserved 1071104K
  class space    used 3016K, capacity 3223K, committed 3248K, reserved 1048576K
Event: 1.944 GC heap after
Heap after GC invocations=6 (full 1):
 PSYoungGen      total 71680K, used 4398K [0x00000000d5f00000, 0x00000000dd080000, 0x0000000100000000)
  eden space 66560K, 0% used [0x00000000d5f00000,0x00000000d5f00000,0x00000000da000000)
  from space 5120K, 85% used [0x00000000da000000,0x00000000da44baa8,0x00000000da500000)
  to   space 9728K, 0% used [0x00000000dc700000,0x00000000dc700000,0x00000000dd080000)
 ParOldGen       total 59392K, used 5091K [0x0000000081c00000, 0x0000000085600000, 0x00000000d5f00000)
  object space 59392K, 8% used [0x0000000081c00000,0x00000000820f8d68,0x0000000085600000)
 Metaspace       used 23166K, capacity 23876K, committed 23984K, reserved 1071104K
  class space    used 3016K, capacity 3223K, committed 3248K, reserved 1048576K
}

